# Logfile created on 2012-10-09 08:58:29 -0700 by logger.rb/31641
D, [2012-10-09T09:14:53.696101 #27709] DEBUG -- :   [1m[36m (140.7ms)[0m  [1mDELETE FROM tags[0m
D, [2012-10-09T09:14:53.846707 #27709] DEBUG -- :   [1m[35m (149.9ms)[0m  DELETE FROM taggings
D, [2012-10-09T09:14:53.997315 #27709] DEBUG -- :   [1m[36m (150.0ms)[0m  [1mDELETE FROM taggable_models[0m
D, [2012-10-09T09:14:54.148003 #27709] DEBUG -- :   [1m[35m (150.1ms)[0m  DELETE FROM other_taggable_models
D, [2012-10-09T09:14:54.365311 #27709] DEBUG -- :   [1m[36m (216.9ms)[0m  [1mDELETE FROM taggable_models[0m
D, [2012-10-09T09:14:54.515748 #27709] DEBUG -- :   [1m[35m (150.1ms)[0m  DELETE FROM taggable_models
D, [2012-10-09T09:14:54.691603 #27709] DEBUG -- :   [1m[36m (175.4ms)[0m  [1mDELETE FROM taggable_users[0m
D, [2012-10-09T09:14:54.842348 #27709] DEBUG -- :   [1m[35m (150.1ms)[0m  DELETE FROM untaggable_models
D, [2012-10-09T09:14:55.002380 #27709] DEBUG -- :   [1m[36m (159.4ms)[0m  [1mDELETE FROM ordered_taggable_models[0m
D, [2012-10-09T09:14:55.153126 #27709] DEBUG -- :   [1m[35m (150.3ms)[0m  DELETE FROM scored_taggable_models
D, [2012-10-09T09:14:55.496100 #27709] DEBUG -- :   [1m[36m (174.7ms)[0m  [1mDELETE FROM tags[0m
D, [2012-10-09T09:14:55.655038 #27709] DEBUG -- :   [1m[35m (158.7ms)[0m  DELETE FROM taggings
D, [2012-10-09T09:14:55.805766 #27709] DEBUG -- :   [1m[36m (150.4ms)[0m  [1mDELETE FROM taggable_models[0m
D, [2012-10-09T09:14:55.956352 #27709] DEBUG -- :   [1m[35m (150.3ms)[0m  DELETE FROM other_taggable_models
D, [2012-10-09T09:14:56.107034 #27709] DEBUG -- :   [1m[36m (150.4ms)[0m  [1mDELETE FROM taggable_models[0m
D, [2012-10-09T09:14:56.257647 #27709] DEBUG -- :   [1m[35m (150.4ms)[0m  DELETE FROM taggable_models
D, [2012-10-09T09:14:56.433392 #27709] DEBUG -- :   [1m[36m (175.5ms)[0m  [1mDELETE FROM taggable_users[0m
D, [2012-10-09T09:14:56.567329 #27709] DEBUG -- :   [1m[35m (133.7ms)[0m  DELETE FROM untaggable_models
D, [2012-10-09T09:14:56.692935 #27709] DEBUG -- :   [1m[36m (125.4ms)[0m  [1mDELETE FROM ordered_taggable_models[0m
D, [2012-10-09T09:14:56.826969 #27709] DEBUG -- :   [1m[35m (133.8ms)[0m  DELETE FROM scored_taggable_models
D, [2012-10-09T09:16:10.919243 #27767] DEBUG -- :   [1m[36m (246.7ms)[0m  [1mDELETE FROM tags[0m
D, [2012-10-09T09:16:11.194934 #27767] DEBUG -- :   [1m[35m (275.0ms)[0m  DELETE FROM taggings
D, [2012-10-09T09:16:11.380135 #27767] DEBUG -- :   [1m[36m (184.5ms)[0m  [1mDELETE FROM taggable_models[0m
D, [2012-10-09T09:16:11.655754 #27767] DEBUG -- :   [1m[35m (274.9ms)[0m  DELETE FROM other_taggable_models
D, [2012-10-09T09:16:11.814698 #27767] DEBUG -- :   [1m[36m (158.6ms)[0m  [1mDELETE FROM taggable_models[0m
D, [2012-10-09T09:16:11.973617 #27767] DEBUG -- :   [1m[35m (158.7ms)[0m  DELETE FROM taggable_models
D, [2012-10-09T09:16:12.157710 #27767] DEBUG -- :   [1m[36m (183.7ms)[0m  [1mDELETE FROM taggable_users[0m
D, [2012-10-09T09:16:12.291753 #27767] DEBUG -- :   [1m[35m (133.6ms)[0m  DELETE FROM untaggable_models
D, [2012-10-09T09:16:12.442664 #27767] DEBUG -- :   [1m[36m (150.4ms)[0m  [1mDELETE FROM ordered_taggable_models[0m
D, [2012-10-09T09:16:12.576623 #27767] DEBUG -- :   [1m[35m (133.3ms)[0m  DELETE FROM scored_taggable_models
D, [2012-10-09T09:16:12.794052 #27767] DEBUG -- :   [1m[36m (163.6ms)[0m  [1mDELETE FROM tags[0m
D, [2012-10-09T09:16:12.961581 #27767] DEBUG -- :   [1m[35m (167.3ms)[0m  DELETE FROM taggings
D, [2012-10-09T09:16:13.112335 #27767] DEBUG -- :   [1m[36m (150.5ms)[0m  [1mDELETE FROM taggable_models[0m
D, [2012-10-09T09:16:13.288066 #27767] DEBUG -- :   [1m[35m (175.5ms)[0m  DELETE FROM other_taggable_models
D, [2012-10-09T09:16:13.431517 #27767] DEBUG -- :   [1m[36m (143.2ms)[0m  [1mDELETE FROM taggable_models[0m
D, [2012-10-09T09:16:13.582196 #27767] DEBUG -- :   [1m[35m (150.5ms)[0m  DELETE FROM taggable_models
D, [2012-10-09T09:16:13.741260 #27767] DEBUG -- :   [1m[36m (158.9ms)[0m  [1mDELETE FROM taggable_users[0m
D, [2012-10-09T09:16:13.883554 #27767] DEBUG -- :   [1m[35m (142.0ms)[0m  DELETE FROM untaggable_models
D, [2012-10-09T09:16:14.000827 #27767] DEBUG -- :   [1m[36m (117.0ms)[0m  [1mDELETE FROM ordered_taggable_models[0m
D, [2012-10-09T09:16:14.109808 #27767] DEBUG -- :   [1m[35m (108.7ms)[0m  DELETE FROM scored_taggable_models
